# JRE version: OpenJDK Runtime Environment (8.0) (build 1.8.0-25-microsoft-b00)
# Java VM: OpenJDK 64-Bit Server VM (25.71-b00 mixed mode windows-amd64 compressed oops)
Heap:
 PSYoungGen      total 30720K, used 16726K [0x000000076b780000, 0x000000076e980000, 0x00000007c0000000)
  eden space 13312K, 41% used [0x000000076b780000,0x000000076bcf10d0,0x000000076c480000)
  from space 17408K, 64% used [0x000000076c480000,0x000000076cf64880,0x000000076d580000)
  to   space 17920K, 0% used [0x000000076d800000,0x000000076d800000,0x000000076e980000)
 ParOldGen       total 49664K, used 39475K [0x00000006c2600000, 0x00000006c5680000, 0x000000076b780000)
  object space 49664K, 79% used [0x00000006c2600000,0x00000006c4c8cef8,0x00000006c5680000)
 Metaspace       used 9411K, capacity 9920K, committed 9984K, reserved 1058816K
  class space    used 998K, capacity 1012K, committed 1024K, reserved 1048576K
GC Heap History (10 events):
Event: 1.878 GC heap before
{Heap before GC invocations=15 (full 3):
 PSYoungGen      total 24576K, used 24551K [0x000000076b780000, 0x000000076e200000, 0x00000007c0000000)
  eden space 14336K, 100% used [0x000000076b780000,0x000000076c580000,0x000000076c580000)
  from space 10240K, 99% used [0x000000076c580000,0x000000076cf79ed0,0x000000076cf80000)
  to   space 13824K, 0% used [0x000000076d480000,0x000000076d480000,0x000000076e200000)
 ParOldGen       total 29696K, used 21936K [0x00000006c2600000, 0x00000006c4300000, 0x000000076b780000)
  object space 29696K, 73% used [0x00000006c2600000,0x00000006c3b6c100,0x00000006c4300000)
 Metaspace       used 7878K, capacity 8724K, committed 8960K, reserved 1056768K
  class space    used 877K, capacity 912K, committed 1024K, reserved 1048576K
Event: 1.887 GC heap after
Heap after GC invocations=15 (full 3):
 PSYoungGen      total 25088K, used 13807K [0x000000076b780000, 0x000000076ec00000, 0x00000007c0000000)
  eden space 11264K, 0% used [0x000000076b780000,0x000000076b780000,0x000000076c280000)
  from space 13824K, 99% used [0x000000076d480000,0x000000076e1fbe28,0x000000076e200000)
  to   space 18432K, 0% used [0x000000076c280000,0x000000076c280000,0x000000076d480000)
 ParOldGen       total 29696K, used 27486K [0x00000006c2600000, 0x00000006c4300000, 0x000000076b780000)
  object space 29696K, 92% used [0x00000006c2600000,0x00000006c40d7908,0x00000006c4300000)
 Metaspace       used 7878K, capacity 8724K, committed 8960K, reserved 1056768K
  class space    used 877K, capacity 912K, committed 1024K, reserved 1048576K
}
Event: 1.887 GC heap before
{Heap before GC invocations=16 (full 4):
 PSYoungGen      total 25088K, used 13807K [0x000000076b780000, 0x000000076ec00000, 0x00000007c0000000)
  eden space 11264K, 0% used [0x000000076b780000,0x000000076b780000,0x000000076c280000)
  from space 13824K, 99% used [0x000000076d480000,0x000000076e1fbe28,0x000000076e200000)
  to   space 18432K, 0% used [0x000000076c280000,0x000000076c280000,0x000000076d480000)
 ParOldGen       total 29696K, used 27486K [0x00000006c2600000, 0x00000006c4300000, 0x000000076b780000)
  object space 29696K, 92% used [0x00000006c2600000,0x00000006c40d7908,0x00000006c4300000)
 Metaspace       used 7878K, capacity 8724K, committed 8960K, reserved 1056768K
  class space    used 877K, capacity 912K, committed 1024K, reserved 1048576K
Event: 2.004 GC heap after
Heap after GC invocations=16 (full 4):
 PSYoungGen      total 25088K, used 10705K [0x000000076b780000, 0x000000076ec00000, 0x00000007c0000000)
  eden space 11264K, 0% used [0x000000076b780000,0x000000076b780000,0x000000076c280000)
  from space 13824K, 77% used [0x000000076d480000,0x000000076def44f8,0x000000076e200000)
  to   space 18432K, 0% used [0x000000076c280000,0x000000076c280000,0x000000076d480000)
 ParOldGen       total 49664K, used 29226K [0x00000006c2600000, 0x00000006c5680000, 0x000000076b780000)
  object space 49664K, 58% used [0x00000006c2600000,0x00000006c428a938,0x00000006c5680000)
 Metaspace       used 7878K, capacity 8724K, committed 8960K, reserved 1056768K
  class space    used 877K, capacity 912K, committed 1024K, reserved 1048576K
}
Event: 2.081 GC heap before
{Heap before GC invocations=17 (full 4):
 PSYoungGen      total 25088K, used 21969K [0x000000076b780000, 0x000000076ec00000, 0x00000007c0000000)
  eden space 11264K, 100% used [0x000000076b780000,0x000000076c280000,0x000000076c280000)
  from space 13824K, 77% used [0x000000076d480000,0x000000076def44f8,0x000000076e200000)
  to   space 18432K, 0% used [0x000000076c280000,0x000000076c280000,0x000000076d480000)
 ParOldGen       total 49664K, used 29226K [0x00000006c2600000, 0x00000006c5680000, 0x000000076b780000)
  object space 49664K, 58% used [0x00000006c2600000,0x00000006c428a938,0x00000006c5680000)
 Metaspace       used 8020K, capacity 8852K, committed 9216K, reserved 1056768K
  class space    used 878K, capacity 912K, committed 1024K, reserved 1048576K
Event: 2.090 GC heap after
Heap after GC invocations=17 (full 4):
 PSYoungGen      total 29696K, used 4387K [0x000000076b780000, 0x000000076e680000, 0x00000007c0000000)
  eden space 11264K, 0% used [0x000000076b780000,0x000000076b780000,0x000000076c280000)
  from space 18432K, 23% used [0x000000076c280000,0x000000076c6c8cf8,0x000000076d480000)
  to   space 17408K, 0% used [0x000000076d580000,0x000000076d580000,0x000000076e680000)
 ParOldGen       total 49664K, used 39459K [0x00000006c2600000, 0x00000006c5680000, 0x000000076b780000)
  object space 49664K, 79% used [0x00000006c2600000,0x00000006c4c88ef8,0x00000006c5680000)
 Metaspace       used 8020K, capacity 8852K, committed 9216K, reserved 1056768K
  class space    used 878K, capacity 912K, committed 1024K, reserved 1048576K
}
Event: 2.189 GC heap before
{Heap before GC invocations=18 (full 4):
 PSYoungGen      total 29696K, used 15651K [0x000000076b780000, 0x000000076e680000, 0x00000007c0000000)
  eden space 11264K, 100% used [0x000000076b780000,0x000000076c280000,0x000000076c280000)
  from space 18432K, 23% used [0x000000076c280000,0x000000076c6c8cf8,0x000000076d480000)
  to   space 17408K, 0% used [0x000000076d580000,0x000000076d580000,0x000000076e680000)
 ParOldGen       total 49664K, used 39459K [0x00000006c2600000, 0x00000006c5680000, 0x000000076b780000)
  object space 49664K, 79% used [0x00000006c2600000,0x00000006c4c88ef8,0x00000006c5680000)
 Metaspace       used 8093K, capacity 8852K, committed 9216K, reserved 1056768K
  class space    used 878K, capacity 912K, committed 1024K, reserved 1048576K
Event: 2.194 GC heap after
Heap after GC invocations=18 (full 4):
 PSYoungGen      total 30720K, used 8688K [0x000000076b780000, 0x000000076e680000, 0x00000007c0000000)
  eden space 13312K, 0% used [0x000000076b780000,0x000000076b780000,0x000000076c480000)
  from space 17408K, 49% used [0x000000076d580000,0x000000076ddfc2f0,0x000000076e680000)
  to   space 17408K, 0% used [0x000000076c480000,0x000000076c480000,0x000000076d580000)
 ParOldGen       total 49664K, used 39467K [0x00000006c2600000, 0x00000006c5680000, 0x000000076b780000)
  object space 49664K, 79% used [0x00000006c2600000,0x00000006c4c8aef8,0x00000006c5680000)
 Metaspace       used 8093K, capacity 8852K, committed 9216K, reserved 1056768K
  class space    used 878K, capacity 912K, committed 1024K, reserved 1048576K
}
Event: 2.400 GC heap before
{Heap before GC invocations=19 (full 4):
 PSYoungGen      total 30720K, used 22000K [0x000000076b780000, 0x000000076e680000, 0x00000007c0000000)
  eden space 13312K, 100% used [0x000000076b780000,0x000000076c480000,0x000000076c480000)
  from space 17408K, 49% used [0x000000076d580000,0x000000076ddfc2f0,0x000000076e680000)
  to   space 17408K, 0% used [0x000000076c480000,0x000000076c480000,0x000000076d580000)
 ParOldGen       total 49664K, used 39467K [0x00000006c2600000, 0x00000006c5680000, 0x000000076b780000)
  object space 49664K, 79% used [0x00000006c2600000,0x00000006c4c8aef8,0x00000006c5680000)
 Metaspace       used 9244K, capacity 9792K, committed 9984K, reserved 1058816K
  class space    used 998K, capacity 1012K, committed 1024K, reserved 1048576K
Event: 2.405 GC heap after
Heap after GC invocations=19 (full 4):
 PSYoungGen      total 30720K, used 11154K [0x000000076b780000, 0x000000076e980000, 0x00000007c0000000)
  eden space 13312K, 0% used [0x000000076b780000,0x000000076b780000,0x000000076c480000)
  from space 17408K, 64% used [0x000000076c480000,0x000000076cf64880,0x000000076d580000)
  to   space 17920K, 0% used [0x000000076d800000,0x000000076d800000,0x000000076e980000)
 ParOldGen       total 49664K, used 39475K [0x00000006c2600000, 0x00000006c5680000, 0x000000076b780000)
  object space 49664K, 79% used [0x00000006c2600000,0x00000006c4c8cef8,0x00000006c5680000)
 Metaspace       used 9244K, capacity 9792K, committed 9984K, reserved 1058816K
  class space    used 998K, capacity 1012K, committed 1024K, reserved 1048576K
}

